[debug] [2019-01-20T09:18:46.413Z] ----------------------------------------------------------------------
[debug] [2019-01-20T09:18:46.417Z] Command:       C:\Program Files\nodejs\node.exe C:\Users\Sam\AppData\Roaming\npm\node_modules\firebase-tools\lib\bin\firebase.js deploy
[debug] [2019-01-20T09:18:46.417Z] CLI Version:   6.3.0
[debug] [2019-01-20T09:18:46.417Z] Platform:      win32
[debug] [2019-01-20T09:18:46.417Z] Node Version:  v10.15.0
[debug] [2019-01-20T09:18:46.424Z] Time:          Sun Jan 20 2019 02:18:46 GMT-0700 (Mountain Standard Time)
[debug] [2019-01-20T09:18:46.425Z] ----------------------------------------------------------------------
[debug] 
[debug] [2019-01-20T09:18:46.446Z] > command requires scopes: ["email","openid","https://www.googleapis.com/auth/cloudplatformprojects.readonly","https://www.googleapis.com/auth/firebase","https://www.googleapis.com/auth/cloud-platform"]
[debug] [2019-01-20T09:18:46.447Z] > authorizing via signed-in user
[debug] [2019-01-20T09:18:46.447Z] [iam] checking project searchforthebestgarfieldcomic for permissions ["cloudfunctions.functions.create","cloudfunctions.functions.delete","cloudfunctions.functions.get","cloudfunctions.functions.list","cloudfunctions.functions.update","cloudfunctions.operations.get","datastore.indexes.create","datastore.indexes.delete","datastore.indexes.list","datastore.indexes.update","firebase.projects.get","firebasedatabase.instances.update","firebasehosting.sites.update","firebaserules.releases.create","firebaserules.releases.update","firebaserules.rulesets.create"]
[debug] [2019-01-20T09:18:46.450Z] >>> HTTP REQUEST POST https://cloudresourcemanager.googleapis.com/v1/projects/searchforthebestgarfieldcomic:testIamPermissions  

[debug] [2019-01-20T09:18:47.065Z] <<< HTTP RESPONSE 200
[debug] [2019-01-20T09:18:47.076Z] >>> HTTP REQUEST GET https://firebase.googleapis.com/v1beta1/projects/searchforthebestgarfieldcomic  
 
[debug] [2019-01-20T09:18:47.324Z] <<< HTTP RESPONSE 200
[info] 
[info] === Deploying to 'searchforthebestgarfieldcomic'...
[info] 
[info] i  deploying database, storage, firestore, functions, hosting
[info] i  database: checking rules syntax...
[debug] [2019-01-20T09:18:52.272Z] >>> HTTP REQUEST PUT https://searchforthebestgarfieldcomic.firebaseio.com/.settings/rules.json?dryRun=true  
 {
  "rules": {
    ".read": true,
    ".write": true
  }
}

[debug] [2019-01-20T09:18:53.208Z] <<< HTTP RESPONSE 200
[info] +  database: rules syntax for database searchforthebestgarfieldcomic is valid
[debug] [2019-01-20T09:18:53.219Z] >>> HTTP REQUEST GET https://appengine.googleapis.com/v1/apps/searchforthebestgarfieldcomic  
 
[debug] [2019-01-20T09:18:53.812Z] <<< HTTP RESPONSE 200
[info] i  storage: checking storage.rules for compilation errors...
[debug] [2019-01-20T09:18:53.830Z] >>> HTTP REQUEST POST https://firebaserules.googleapis.com/v1/projects/searchforthebestgarfieldcomic:test  

[debug] [2019-01-20T09:18:54.462Z] <<< HTTP RESPONSE 200
[info] +  storage: rules file storage.rules compiled successfully
[info] i  firestore: checking firestore.rules for compilation errors...
[info] i  firestore: reading indexes from firestore.indexes.json...
[debug] [2019-01-20T09:18:54.482Z] >>> HTTP REQUEST POST https://firebaserules.googleapis.com/v1/projects/searchforthebestgarfieldcomic:test  

[debug] [2019-01-20T09:18:54.879Z] <<< HTTP RESPONSE 200
[info] +  firestore: rules file firestore.rules compiled successfully
[debug] [2019-01-20T09:18:54.892Z] > [functions] package.json contents: {
  "name": "functions",
  "description": "Cloud Functions for Firebase",
  "scripts": {
    "serve": "firebase serve --only functions",
    "shell": "firebase functions:shell",
    "start": "npm run shell",
    "deploy": "firebase deploy --only functions",
    "logs": "firebase functions:log"
  },
  "dependencies": {
    "firebase-admin": "~6.0.0",
    "firebase-functions": "^2.1.0"
  },
  "private": true
}
[info] i  functions: ensuring necessary APIs are enabled...
[debug] [2019-01-20T09:18:54.896Z] >>> HTTP REQUEST GET https://servicemanagement.googleapis.com/v1/services/cloudfunctions.googleapis.com/projectSettings/searchforthebestgarfieldcomic?view=CONSUMER_VIEW  
 
[debug] [2019-01-20T09:18:54.897Z] >>> HTTP REQUEST GET https://servicemanagement.googleapis.com/v1/services/runtimeconfig.googleapis.com/projectSettings/searchforthebestgarfieldcomic?view=CONSUMER_VIEW  
 
[debug] [2019-01-20T09:18:55.820Z] <<< HTTP RESPONSE 200
[debug] [2019-01-20T09:18:55.887Z] <<< HTTP RESPONSE 200
[info] +  functions: all necessary APIs are enabled
[debug] [2019-01-20T09:18:55.896Z] >>> HTTP REQUEST GET https://cloudresourcemanager.googleapis.com/v1/projects/searchforthebestgarfieldcomic  
 
[debug] [2019-01-20T09:18:56.447Z] <<< HTTP RESPONSE 200
[debug] [2019-01-20T09:18:56.448Z] >>> HTTP REQUEST GET https://mobilesdk-pa.googleapis.com/v1/projects/913124011844:getServerAppConfig  
 
[debug] [2019-01-20T09:18:56.656Z] <<< HTTP RESPONSE 200
[debug] [2019-01-20T09:18:56.660Z] >>> HTTP REQUEST POST https://firebasehosting.googleapis.com/v1beta1/sites/searchforthebestgarfieldcomic/versions  

[debug] [2019-01-20T09:18:57.701Z] <<< HTTP RESPONSE 200
[info] i  storage: uploading rules storage.rules...
[debug] [2019-01-20T09:18:57.720Z] >>> HTTP REQUEST POST https://firebaserules.googleapis.com/v1/projects/searchforthebestgarfieldcomic/rulesets  

[debug] [2019-01-20T09:18:58.224Z] <<< HTTP RESPONSE 200
[debug] [2019-01-20T09:18:58.225Z] [rules] created ruleset projects/searchforthebestgarfieldcomic/rulesets/133f94f2-3119-4b56-96c3-be85432d10d7
[info] i  firestore: uploading rules firestore.rules...
[debug] [2019-01-20T09:18:58.245Z] >>> HTTP REQUEST POST https://firebaserules.googleapis.com/v1/projects/searchforthebestgarfieldcomic/rulesets  

[debug] [2019-01-20T09:18:58.246Z] >>> HTTP REQUEST GET https://firestore.googleapis.com/v1beta2/projects/searchforthebestgarfieldcomic/databases/(default)/collectionGroups/-/indexes  
 
[debug] [2019-01-20T09:18:58.658Z] <<< HTTP RESPONSE 200
[debug] [2019-01-20T09:18:58.659Z] [rules] created ruleset projects/searchforthebestgarfieldcomic/rulesets/2cdab109-ba26-4101-bb96-3bc6af449d05
[debug] [2019-01-20T09:18:58.743Z] <<< HTTP RESPONSE 200
[debug] [2019-01-20T09:18:58.745Z] >>> HTTP REQUEST GET https://firestore.googleapis.com/v1beta2/projects/searchforthebestgarfieldcomic/databases/(default)/collectionGroups/-/fields?filter=indexConfig.usesAncestorConfig=false  
 
[debug] [2019-01-20T09:18:59.268Z] <<< HTTP RESPONSE 200
[info] +  firestore: deployed indexes in firestore.indexes.json successfully
[info] i  functions: preparing functions directory for uploading...
[debug] [2019-01-20T09:18:59.292Z] >>> HTTP REQUEST GET https://runtimeconfig.googleapis.com/v1beta1/projects/searchforthebestgarfieldcomic/configs  
 
[debug] [2019-01-20T09:18:59.579Z] <<< HTTP RESPONSE 200
